Arguments: 
  C:\Program Files\nodejs\node.exe C:\Program Files (x86)\Yarn\bin\yarn.js add express mysql sequelize mysql12

PATH: 
  C:\Users\SSC02\AppData\Local\Programs\Git\mingw64\bin;C:\Users\SSC02\AppData\Local\Programs\Git\usr\bin;C:\Users\SSC02\bin;C:\Python27;C:\Python27\Scripts;C:\Windows\system32;C:\Windows;C:\Windows\System32\Wbem;C:\Windows\System32\WindowsPowerShell\v1.0;C:\Windows\System32\OpenSSH;C:\Program Files\nodejs;C:\ProgramData\chocolatey\bin;C:\Program Files (x86)\Yarn\bin;C:\Users\SSC02\AppData\Local\Android\Sdk\tools;C:\Users\SSC02\AppData\Local\Android\Sdk\tools\bin;C:\Users\SSC02\AppData\Local\Android\Sdk\platform-tools;C:\Users\SSC02\AppData\Local\Android\Sdk\emulator;C:\Program Files\dotnet;C:\Program Files\Microsoft SQL Server\130\Tools\Binn;C:\Program Files\Microsoft SQL Server\Client SDK\ODBC\170\Tools\Binn;C:\Users\SSC02\Anaconda3;C:\Users\SSC02\Anaconda3\Library\mingw-w64\bin;C:\Users\SSC02\Anaconda3\Library\usr\bin;C:\Users\SSC02\Anaconda3\Library\bin;C:\Users\SSC02\Anaconda3\Scripts;C:\Ruby26-x64\bin;C:\Users\SSC02\AppData\Local\Microsoft\WindowsApps;C:\Users\SSC02\AppData\Local\Programs\Microsoft VS Code\bin;C:\Users\SSC02\AppData\Local\Programs\Git\cmd;C:\Users\SSC02\AppData\Roaming\npm;C:\Users\SSC02\AppData\Local\GitHubDesktop\bin;C:\Users\SSC02\AppData\Local\Yarn\bin;C:\Users\SSC02\.dotnet\tools

Yarn version: 
  1.22.0

Node version: 
  12.13.0

Platform: 
  win32 x64

Trace: 
  Error: https://registry.yarnpkg.com/mysql12: Not found
      at Request.params.callback [as _callback] (C:\Program Files (x86)\Yarn\lib\cli.js:66084:18)
      at Request.self.callback (C:\Program Files (x86)\Yarn\lib\cli.js:140727:22)
      at Request.emit (events.js:210:5)
      at Request.<anonymous> (C:\Program Files (x86)\Yarn\lib\cli.js:141699:10)
      at Request.emit (events.js:210:5)
      at IncomingMessage.<anonymous> (C:\Program Files (x86)\Yarn\lib\cli.js:141621:12)
      at Object.onceWrapper (events.js:299:28)
      at IncomingMessage.emit (events.js:215:7)
      at endReadableNT (_stream_readable.js:1183:12)
      at processTicksAndRejections (internal/process/task_queues.js:80:21)

npm manifest: 
  {
    "dependencies": {
      "init": "^0.1.2"
    }
  }

yarn manifest: 
  No manifest

Lockfile: 
  # THIS IS AN AUTOGENERATED FILE. DO NOT EDIT THIS FILE DIRECTLY.
  # yarn lockfile v1
  
  
  daemon@>=0.3.0:
    version "1.1.0"
    resolved "https://registry.yarnpkg.com/daemon/-/daemon-1.1.0.tgz#6c5102c81db0be856fc9008fc2c935b398864ae8"
    integrity sha1-bFECyB2wvoVvyQCPwsk1s5iGSug=
  
  init@^0.1.2:
    version "0.1.2"
    resolved "https://registry.yarnpkg.com/init/-/init-0.1.2.tgz#9882ac152707bccba7fe2207c8df8050875c1504"
    integrity sha1-mIKsFScHvMun/iIHyN+AUIdcFQQ=
    dependencies:
      daemon ">=0.3.0"
